<?xml version="1.0" encoding="UTF-8"?>
<testsuite name="ProverbTest" tests="1" skipped="0" failures="0" errors="0" timestamp="2022-04-07T19:49:07" hostname="CLEONILDO-JUNIO" time="0.029">
  <properties/>
  <testcase name="zeroWordsAreGiven" classname="ProverbTest" time="0.029"/>
  <system-out><![CDATA[]]></system-out>
  <system-err><![CDATA[]]></system-err>
</testsuite>
