<?xml version="1.0" encoding="UTF-8"?>
<testsuite name="BeerSongTest" tests="8" skipped="0" failures="0" errors="0" timestamp="2022-03-29T04:13:23" hostname="CLEONILDO-JUNIO" time="0.01">
  <properties/>
  <testcase name="singFirstTwoVerses" classname="BeerSongTest" time="0.008"/>
  <testcase name="singEntireSong" classname="BeerSongTest" time="0.001"/>
  <testcase name="singLastGenericVerse" classname="BeerSongTest" time="0.0"/>
  <testcase name="singLastThreeVerses" classname="BeerSongTest" time="0.0"/>
  <testcase name="singFirstVerse" classname="BeerSongTest" time="0.0"/>
  <testcase name="verseWithOneBottle" classname="BeerSongTest" time="0.0"/>
  <testcase name="verseWithTwoBottles" classname="BeerSongTest" time="0.0"/>
  <testcase name="verseWithZeroBottles" classname="BeerSongTest" time="0.0"/>
  <system-out><![CDATA[]]></system-out>
  <system-err><![CDATA[]]></system-err>
</testsuite>
