<?xml version="1.0" encoding="UTF-8"?>
<testsuite name="ResistorColorTest" tests="4" skipped="0" failures="0" errors="0" timestamp="2022-03-24T23:15:01" hostname="CLEONILDO-JUNIO" time="0.058">
  <properties/>
  <testcase name="testWhiteColorCode" classname="ResistorColorTest" time="0.049"/>
  <testcase name="testColors" classname="ResistorColorTest" time="0.008"/>
  <testcase name="testBlackColorCode" classname="ResistorColorTest" time="0.0"/>
  <testcase name="testOrangeColorCode" classname="ResistorColorTest" time="0.001"/>
  <system-out><![CDATA[]]></system-out>
  <system-err><![CDATA[]]></system-err>
</testsuite>
