<?xml version="1.0" encoding="UTF-8"?>
<testsuite name="GigasecondTest" tests="1" skipped="0" failures="0" errors="0" timestamp="2022-03-28T04:06:01" hostname="CLEONILDO-JUNIO" time="0.003">
  <properties/>
  <testcase name="modernTime" classname="GigasecondTest" time="0.003"/>
  <system-out><![CDATA[]]></system-out>
  <system-err><![CDATA[]]></system-err>
</testsuite>
